C:\Program Files (x86)\Microsoft Visual Studio\2019\Community\MSBuild\Microsoft\VC\v160\Microsoft.CppBuild.targets(491,5): warning MSB8028: The intermediate directory (Release\) contains files shared from another project (OpenGLTemplate.vcxproj).  This can lead to incorrect clean and rebuild behavior.
  Audio.cpp
  Camera.cpp
D:\repos\Computer Graphics\Labs\PostGradCoursework\Template2021\OpenGLTemplate\OpenAssetImportMesh.h(26,10): fatal error C1083: Cannot open include file: 'Importer.hpp': No such file or directory
  CatmullRom.cpp
D:\repos\Computer Graphics\Labs\PostGradCoursework\Template2021\OpenGLTemplate\CatmullRom.cpp(268,19): warning C4018: '<': signed/unsigned mismatch
D:\repos\Computer Graphics\Labs\PostGradCoursework\Template2021\OpenGLTemplate\CatmullRom.cpp(271,10): warning C4244: 'argument': conversion from 'int' to 'float', possible loss of data
D:\repos\Computer Graphics\Labs\PostGradCoursework\Template2021\OpenGLTemplate\CatmullRom.cpp(275,10): warning C4244: 'argument': conversion from 'int' to 'float', possible loss of data
D:\repos\Computer Graphics\Labs\PostGradCoursework\Template2021\OpenGLTemplate\CatmullRom.cpp(404,19): warning C4018: '<': signed/unsigned mismatch
  Cubemap.cpp
  DirectionalLight.cpp
D:\repos\Computer Graphics\Labs\PostGradCoursework\Template2021\OpenGLTemplate\OpenAssetImportMesh.h(26,10): fatal error C1083: Cannot open include file: 'Importer.hpp': No such file or directory
  FreeTypeFont.cpp
D:\repos\Computer Graphics\Labs\PostGradCoursework\Template2021\OpenGLTemplate\FreeTypeFont.h(3,10): fatal error C1083: Cannot open include file: 'ft2build.h': No such file or directory
  Game.cpp
D:\repos\Computer Graphics\Labs\PostGradCoursework\Template2021\OpenGLTemplate\OpenAssetImportMesh.h(26,10): fatal error C1083: Cannot open include file: 'Importer.hpp': No such file or directory
  GameWindow.cpp
  HighResolutionTimer.cpp
  House.cpp
D:\repos\Computer Graphics\Labs\PostGradCoursework\Template2021\OpenGLTemplate\OpenAssetImportMesh.h(26,10): fatal error C1083: Cannot open include file: 'Importer.hpp': No such file or directory
  InstanceOf.cpp
D:\repos\Computer Graphics\Labs\PostGradCoursework\Template2021\OpenGLTemplate\OpenAssetImportMesh.h(26,10): fatal error C1083: Cannot open include file: 'Importer.hpp': No such file or directory
  MatrixStack.cpp
  OpenAssetImportMesh.cpp
D:\repos\Computer Graphics\Labs\PostGradCoursework\Template2021\OpenGLTemplate\OpenAssetImportMesh.h(26,10): fatal error C1083: Cannot open include file: 'Importer.hpp': No such file or directory
  Pickup.cpp
D:\repos\Computer Graphics\Labs\PostGradCoursework\Template2021\OpenGLTemplate\OpenAssetImportMesh.h(26,10): fatal error C1083: Cannot open include file: 'Importer.hpp': No such file or directory
  Plane.cpp
  Player.cpp
