d:\repos\computer graphics\labs\postgradcoursework\template2021\opengltemplate\x64\release\vc142.pdb
d:\repos\computer graphics\labs\postgradcoursework\template2021\opengltemplate\x64\release\sphere.obj
d:\repos\computer graphics\labs\postgradcoursework\template2021\opengltemplate\x64\release\skybox.obj
d:\repos\computer graphics\labs\postgradcoursework\template2021\opengltemplate\x64\release\shapes.obj
d:\repos\computer graphics\labs\postgradcoursework\template2021\opengltemplate\x64\release\shaders.obj
d:\repos\computer graphics\labs\postgradcoursework\template2021\opengltemplate\x64\release\player.obj
d:\repos\computer graphics\labs\postgradcoursework\template2021\opengltemplate\x64\release\plane.obj
d:\repos\computer graphics\labs\postgradcoursework\template2021\opengltemplate\x64\release\pickup.obj
d:\repos\computer graphics\labs\postgradcoursework\template2021\opengltemplate\x64\release\openassetimportmesh.obj
d:\repos\computer graphics\labs\postgradcoursework\template2021\opengltemplate\x64\release\matrixstack.obj
d:\repos\computer graphics\labs\postgradcoursework\template2021\opengltemplate\x64\release\instanceof.obj
d:\repos\computer graphics\labs\postgradcoursework\template2021\opengltemplate\x64\release\house.obj
d:\repos\computer graphics\labs\postgradcoursework\template2021\opengltemplate\x64\release\highresolutiontimer.obj
d:\repos\computer graphics\labs\postgradcoursework\template2021\opengltemplate\x64\release\gamewindow.obj
d:\repos\computer graphics\labs\postgradcoursework\template2021\opengltemplate\x64\release\game.obj
d:\repos\computer graphics\labs\postgradcoursework\template2021\opengltemplate\x64\release\freetypefont.obj
d:\repos\computer graphics\labs\postgradcoursework\template2021\opengltemplate\x64\release\directionallight.obj
d:\repos\computer graphics\labs\postgradcoursework\template2021\opengltemplate\x64\release\cubemap.obj
d:\repos\computer graphics\labs\postgradcoursework\template2021\opengltemplate\x64\release\catmullrom.obj
d:\repos\computer graphics\labs\postgradcoursework\template2021\opengltemplate\x64\release\camera.obj
d:\repos\computer graphics\labs\postgradcoursework\template2021\opengltemplate\x64\release\audio.obj
d:\repos\computer graphics\labs\postgradcoursework\template2021\opengltemplate\x64\release\shader.obj
d:\repos\computer graphics\labs\postgradcoursework\template2021\opengltemplate\x64\release\renderable.obj
d:\repos\computer graphics\labs\postgradcoursework\template2021\opengltemplate\x64\release\playercollisionevent.obj
d:\repos\computer graphics\labs\postgradcoursework\template2021\opengltemplate\x64\release\perframeoptions.obj
d:\repos\computer graphics\labs\postgradcoursework\template2021\opengltemplate\x64\release\perframe.obj
d:\repos\computer graphics\labs\postgradcoursework\template2021\opengltemplate\x64\release\component.obj
d:\repos\computer graphics\labs\postgradcoursework\template2021\opengltemplate\x64\release\line.obj
d:\repos\computer graphics\labs\postgradcoursework\template2021\opengltemplate\x64\release\gameobject.obj
d:\repos\computer graphics\labs\postgradcoursework\template2021\opengltemplate\x64\release\framebufferrenderobject.obj
d:\repos\computer graphics\labs\postgradcoursework\template2021\opengltemplate\x64\release\stuframebufferobject.obj
d:\repos\computer graphics\labs\postgradcoursework\template2021\opengltemplate\x64\release\instancedrenderer.obj
d:\repos\computer graphics\labs\postgradcoursework\template2021\opengltemplate\x64\release\ieventsubscriber.obj
d:\repos\computer graphics\labs\postgradcoursework\template2021\opengltemplate\x64\release\gameobjectevent.obj
d:\repos\computer graphics\labs\postgradcoursework\template2021\opengltemplate\x64\release\event_manager.obj
d:\repos\computer graphics\labs\postgradcoursework\template2021\opengltemplate\x64\release\eventsubscriber.obj
d:\repos\computer graphics\labs\postgradcoursework\template2021\opengltemplate\x64\release\event.obj
d:\repos\computer graphics\labs\postgradcoursework\template2021\opengltemplate\x64\release\elementbufferobject.obj
d:\repos\computer graphics\labs\postgradcoursework\template2021\opengltemplate\x64\release\multipleinheritableenablesharedfromthis.obj
d:\repos\computer graphics\labs\postgradcoursework\template2021\opengltemplate\x64\release\box.obj
d:\repos\computer graphics\labs\postgradcoursework\template2021\opengltemplate\x64\release\spotlight.obj
d:\repos\computer graphics\labs\postgradcoursework\template2021\opengltemplate\x64\release\vertexbufferobjectindexed.obj
d:\repos\computer graphics\labs\postgradcoursework\template2021\opengltemplate\x64\release\vertexbufferobject.obj
d:\repos\computer graphics\labs\postgradcoursework\template2021\opengltemplate\x64\release\tracksegment.obj
d:\repos\computer graphics\labs\postgradcoursework\template2021\opengltemplate\x64\release\titlescreen.obj
d:\repos\computer graphics\labs\postgradcoursework\template2021\opengltemplate\x64\release\texture.obj
d:\repos\computer graphics\labs\postgradcoursework\template2021\opengltemplate\x64\release\vertexbufferobj.obj
d:\repos\computer graphics\labs\postgradcoursework\template2021\opengltemplate\x64\release\vertexattribute.obj
d:\repos\computer graphics\labs\postgradcoursework\template2021\opengltemplate\x64\release\vertexarrayobject.obj
d:\repos\computer graphics\labs\postgradcoursework\template2021\opengltemplate\x64\release\triangle.obj
d:\repos\computer graphics\labs\postgradcoursework\template2021\opengltemplate\x64\release\tnbhelper.obj
d:\repos\computer graphics\labs\postgradcoursework\template2021\opengltemplate\x64\release\stutexture.obj
d:\repos\computer graphics\labs\postgradcoursework\template2021\opengltemplate\x64\release\star.obj
d:\repos\computer graphics\labs\postgradcoursework\template2021\opengltemplate\x64\release\squaregrid.obj
d:\repos\computer graphics\labs\postgradcoursework\template2021\opengltemplate\x64\release\square.obj
d:\repos\computer graphics\labs\postgradcoursework\template2021\opengltemplate\x64\release\shaderprogram.obj
d:\repos\computer graphics\labs\postgradcoursework\template2021\x64\release\courseworkdemo.exe
d:\repos\computer graphics\labs\postgradcoursework\template2021\x64\release\courseworkdemo.pdb
d:\repos\computer graphics\labs\postgradcoursework\template2021\x64\release\courseworkdemo.lib
d:\repos\computer graphics\labs\postgradcoursework\template2021\x64\release\courseworkdemo.exp
d:\repos\computer graphics\labs\postgradcoursework\template2021\x64\release\courseworkdemo.ipdb
d:\repos\computer graphics\labs\postgradcoursework\template2021\x64\release\courseworkdemo.iobj
d:\repos\computer graphics\labs\postgradcoursework\template2021\opengltemplate\x64\release\courseworkdemo.tlog\cl.read.1.tlog
d:\repos\computer graphics\labs\postgradcoursework\template2021\opengltemplate\x64\release\courseworkdemo.tlog\cl.write.1.tlog
d:\repos\computer graphics\labs\postgradcoursework\template2021\opengltemplate\x64\release\courseworkdemo.tlog\cl.command.1.tlog
d:\repos\computer graphics\labs\postgradcoursework\template2021\opengltemplate\x64\release\courseworkdemo.tlog\link.read.1.tlog
d:\repos\computer graphics\labs\postgradcoursework\template2021\opengltemplate\x64\release\courseworkdemo.tlog\link.write.1.tlog
d:\repos\computer graphics\labs\postgradcoursework\template2021\opengltemplate\x64\release\courseworkdemo.tlog\link.command.1.tlog
d:\repos\computer graphics\labs\postgradcoursework\template2021\opengltemplate\x64\release\courseworkdemo.tlog\courseworkdemo.write.1u.tlog
