c:\users\cex\desktop\graphics_inm376_stuartmathewspg\inm376_stuartmathewspg\source\opengltemplate\x64\debug\vc142.pdb
c:\users\cex\desktop\graphics_inm376_stuartmathewspg\inm376_stuartmathewspg\source\opengltemplate\x64\debug\vc142.idb
c:\users\cex\desktop\graphics_inm376_stuartmathewspg\inm376_stuartmathewspg\source\opengltemplate\x64\debug\vertexbufferobjectindexed.obj
c:\users\cex\desktop\graphics_inm376_stuartmathewspg\inm376_stuartmathewspg\source\opengltemplate\x64\debug\vertexbufferobject.obj
c:\users\cex\desktop\graphics_inm376_stuartmathewspg\inm376_stuartmathewspg\source\opengltemplate\x64\debug\sphere.obj
c:\users\cex\desktop\graphics_inm376_stuartmathewspg\inm376_stuartmathewspg\source\opengltemplate\x64\debug\skybox.obj
c:\users\cex\desktop\graphics_inm376_stuartmathewspg\inm376_stuartmathewspg\source\opengltemplate\x64\debug\plane.obj
c:\users\cex\desktop\graphics_inm376_stuartmathewspg\inm376_stuartmathewspg\source\opengltemplate\x64\debug\gamewindow.obj
c:\users\cex\desktop\graphics_inm376_stuartmathewspg\inm376_stuartmathewspg\source\opengltemplate\x64\debug\game.obj
c:\users\cex\desktop\graphics_inm376_stuartmathewspg\inm376_stuartmathewspg\source\opengltemplate\x64\debug\freetypefont.obj
c:\users\cex\desktop\graphics_inm376_stuartmathewspg\inm376_stuartmathewspg\source\opengltemplate\x64\debug\cubemap.obj
c:\users\cex\desktop\graphics_inm376_stuartmathewspg\inm376_stuartmathewspg\source\opengltemplate\x64\debug\catmullrom.obj
c:\users\cex\desktop\graphics_inm376_stuartmathewspg\inm376_stuartmathewspg\source\opengltemplate\x64\debug\camera.obj
c:\users\cex\desktop\graphics_inm376_stuartmathewspg\inm376_stuartmathewspg\source\opengltemplate\x64\debug\audio.obj
c:\users\cex\desktop\graphics_inm376_stuartmathewspg\inm376_stuartmathewspg\source\x64\debug\courseworkdemo.lib
c:\users\cex\desktop\graphics_inm376_stuartmathewspg\inm376_stuartmathewspg\source\x64\debug\courseworkdemo.exp
c:\users\cex\desktop\graphics_inm376_stuartmathewspg\inm376_stuartmathewspg\source\x64\debug\courseworkdemo.exe
c:\users\cex\desktop\graphics_inm376_stuartmathewspg\inm376_stuartmathewspg\source\opengltemplate\x64\debug\courseworkdemo.ilk
c:\users\cex\desktop\graphics_inm376_stuartmathewspg\inm376_stuartmathewspg\source\x64\debug\courseworkdemo.pdb
c:\users\cex\desktop\graphics_inm376_stuartmathewspg\inm376_stuartmathewspg\source\opengltemplate\x64\debug\courseworkdemo.tlog\cl.command.1.tlog
c:\users\cex\desktop\graphics_inm376_stuartmathewspg\inm376_stuartmathewspg\source\opengltemplate\x64\debug\courseworkdemo.tlog\cl.read.1.tlog
c:\users\cex\desktop\graphics_inm376_stuartmathewspg\inm376_stuartmathewspg\source\opengltemplate\x64\debug\courseworkdemo.tlog\cl.write.1.tlog
c:\users\cex\desktop\graphics_inm376_stuartmathewspg\inm376_stuartmathewspg\source\opengltemplate\x64\debug\courseworkdemo.tlog\courseworkdemo.write.1u.tlog
c:\users\cex\desktop\graphics_inm376_stuartmathewspg\inm376_stuartmathewspg\source\opengltemplate\x64\debug\courseworkdemo.tlog\link.command.1.tlog
c:\users\cex\desktop\graphics_inm376_stuartmathewspg\inm376_stuartmathewspg\source\opengltemplate\x64\debug\courseworkdemo.tlog\link.read.1.tlog
c:\users\cex\desktop\graphics_inm376_stuartmathewspg\inm376_stuartmathewspg\source\opengltemplate\x64\debug\courseworkdemo.tlog\link.write.1.tlog
