c:\users\cex\desktop\graphics_inm376_stuartmathewspg\inm376_stuartmathewspg\source\stulib\x64\debug\stulib.pch
c:\users\cex\desktop\graphics_inm376_stuartmathewspg\inm376_stuartmathewspg\source\stulib\x64\debug\stulib.pdb
c:\users\cex\desktop\graphics_inm376_stuartmathewspg\inm376_stuartmathewspg\source\stulib\x64\debug\stulib.idb
c:\users\cex\desktop\graphics_inm376_stuartmathewspg\inm376_stuartmathewspg\source\stulib\x64\debug\pch.obj
c:\users\cex\desktop\graphics_inm376_stuartmathewspg\inm376_stuartmathewspg\source\stulib\x64\debug\perframeoptions.obj
c:\users\cex\desktop\graphics_inm376_stuartmathewspg\inm376_stuartmathewspg\source\stulib\x64\debug\perframe.obj
c:\users\cex\desktop\graphics_inm376_stuartmathewspg\inm376_stuartmathewspg\source\stulib\x64\debug\component.obj
c:\users\cex\desktop\graphics_inm376_stuartmathewspg\inm376_stuartmathewspg\source\stulib\x64\debug\line.obj
c:\users\cex\desktop\graphics_inm376_stuartmathewspg\inm376_stuartmathewspg\source\stulib\x64\debug\instanceof.obj
c:\users\cex\desktop\graphics_inm376_stuartmathewspg\inm376_stuartmathewspg\source\stulib\x64\debug\instancedrenderer.obj
c:\users\cex\desktop\graphics_inm376_stuartmathewspg\inm376_stuartmathewspg\source\stulib\x64\debug\house.obj
c:\users\cex\desktop\graphics_inm376_stuartmathewspg\inm376_stuartmathewspg\source\stulib\x64\debug\gameobject.obj
c:\users\cex\desktop\graphics_inm376_stuartmathewspg\inm376_stuartmathewspg\source\stulib\x64\debug\framebufferrenderobject.obj
c:\users\cex\desktop\graphics_inm376_stuartmathewspg\inm376_stuartmathewspg\source\stulib\x64\debug\ieventsubscriber.obj
c:\users\cex\desktop\graphics_inm376_stuartmathewspg\inm376_stuartmathewspg\source\stulib\x64\debug\gameobjectevent.obj
c:\users\cex\desktop\graphics_inm376_stuartmathewspg\inm376_stuartmathewspg\source\stulib\x64\debug\event_manager.obj
c:\users\cex\desktop\graphics_inm376_stuartmathewspg\inm376_stuartmathewspg\source\stulib\x64\debug\eventsubscriber.obj
c:\users\cex\desktop\graphics_inm376_stuartmathewspg\inm376_stuartmathewspg\source\stulib\x64\debug\event.obj
c:\users\cex\desktop\graphics_inm376_stuartmathewspg\inm376_stuartmathewspg\source\stulib\x64\debug\elementbufferobject.obj
c:\users\cex\desktop\graphics_inm376_stuartmathewspg\inm376_stuartmathewspg\source\stulib\x64\debug\directionallight.obj
c:\users\cex\desktop\graphics_inm376_stuartmathewspg\inm376_stuartmathewspg\source\stulib\x64\debug\cube.obj
c:\users\cex\desktop\graphics_inm376_stuartmathewspg\inm376_stuartmathewspg\source\stulib\x64\debug\multipleinheritableenablesharedfromthis.obj
c:\users\cex\desktop\graphics_inm376_stuartmathewspg\inm376_stuartmathewspg\source\stulib\x64\debug\catmullrom.obj
c:\users\cex\desktop\graphics_inm376_stuartmathewspg\inm376_stuartmathewspg\source\stulib\x64\debug\box.obj
c:\users\cex\desktop\graphics_inm376_stuartmathewspg\inm376_stuartmathewspg\source\stulib\x64\debug\vertexattribute.obj
c:\users\cex\desktop\graphics_inm376_stuartmathewspg\inm376_stuartmathewspg\source\stulib\x64\debug\vertexarrayobject.obj
c:\users\cex\desktop\graphics_inm376_stuartmathewspg\inm376_stuartmathewspg\source\stulib\x64\debug\triangle.obj
c:\users\cex\desktop\graphics_inm376_stuartmathewspg\inm376_stuartmathewspg\source\stulib\x64\debug\tracksegment.obj
c:\users\cex\desktop\graphics_inm376_stuartmathewspg\inm376_stuartmathewspg\source\stulib\x64\debug\tnbhelper.obj
c:\users\cex\desktop\graphics_inm376_stuartmathewspg\inm376_stuartmathewspg\source\stulib\x64\debug\titlescreen.obj
c:\users\cex\desktop\graphics_inm376_stuartmathewspg\inm376_stuartmathewspg\source\stulib\x64\debug\stutexture.obj
c:\users\cex\desktop\graphics_inm376_stuartmathewspg\inm376_stuartmathewspg\source\stulib\x64\debug\stulib.obj
c:\users\cex\desktop\graphics_inm376_stuartmathewspg\inm376_stuartmathewspg\source\stulib\x64\debug\stuframebufferobject.obj
c:\users\cex\desktop\graphics_inm376_stuartmathewspg\inm376_stuartmathewspg\source\stulib\x64\debug\star.obj
c:\users\cex\desktop\graphics_inm376_stuartmathewspg\inm376_stuartmathewspg\source\stulib\x64\debug\squaregrid.obj
c:\users\cex\desktop\graphics_inm376_stuartmathewspg\inm376_stuartmathewspg\source\stulib\x64\debug\square.obj
c:\users\cex\desktop\graphics_inm376_stuartmathewspg\inm376_stuartmathewspg\source\stulib\x64\debug\spotlight.obj
c:\users\cex\desktop\graphics_inm376_stuartmathewspg\inm376_stuartmathewspg\source\stulib\x64\debug\shapes.obj
c:\users\cex\desktop\graphics_inm376_stuartmathewspg\inm376_stuartmathewspg\source\stulib\x64\debug\shaderprogram.obj
c:\users\cex\desktop\graphics_inm376_stuartmathewspg\inm376_stuartmathewspg\source\stulib\x64\debug\shader.obj
c:\users\cex\desktop\graphics_inm376_stuartmathewspg\inm376_stuartmathewspg\source\stulib\x64\debug\renderable.obj
c:\users\cex\desktop\graphics_inm376_stuartmathewspg\inm376_stuartmathewspg\source\stulib\x64\debug\playercollisionevent.obj
c:\users\cex\desktop\graphics_inm376_stuartmathewspg\inm376_stuartmathewspg\source\stulib\x64\debug\player.obj
c:\users\cex\desktop\graphics_inm376_stuartmathewspg\inm376_stuartmathewspg\source\stulib\x64\debug\pickup.obj
c:\users\cex\desktop\graphics_inm376_stuartmathewspg\inm376_stuartmathewspg\source\stulib\x64\debug\testclass.obj
c:\users\cex\desktop\graphics_inm376_stuartmathewspg\inm376_stuartmathewspg\source\stulib\x64\debug\vertexbufferobj.obj
c:\users\cex\desktop\graphics_inm376_stuartmathewspg\inm376_stuartmathewspg\source\stulib\x64\debug\stulib.lib
c:\users\cex\desktop\graphics_inm376_stuartmathewspg\inm376_stuartmathewspg\source\stulib\x64\debug\stulib.tlog\cl.command.1.tlog
c:\users\cex\desktop\graphics_inm376_stuartmathewspg\inm376_stuartmathewspg\source\stulib\x64\debug\stulib.tlog\cl.read.1.tlog
c:\users\cex\desktop\graphics_inm376_stuartmathewspg\inm376_stuartmathewspg\source\stulib\x64\debug\stulib.tlog\cl.write.1.tlog
c:\users\cex\desktop\graphics_inm376_stuartmathewspg\inm376_stuartmathewspg\source\stulib\x64\debug\stulib.tlog\lib-link.read.1.tlog
c:\users\cex\desktop\graphics_inm376_stuartmathewspg\inm376_stuartmathewspg\source\stulib\x64\debug\stulib.tlog\lib-link.write.1.tlog
c:\users\cex\desktop\graphics_inm376_stuartmathewspg\inm376_stuartmathewspg\source\stulib\x64\debug\stulib.tlog\lib.command.1.tlog
