c:\users\cex\desktop\graphics_inm376_stuartmathewspg\inm376_stuartmathewspg\source\cgtlib\x64\debug\cgtlib.pdb
c:\users\cex\desktop\graphics_inm376_stuartmathewspg\inm376_stuartmathewspg\source\cgtlib\x64\debug\cgtlib.idb
c:\users\cex\desktop\graphics_inm376_stuartmathewspg\inm376_stuartmathewspg\source\cgtlib\x64\debug\cgtlib.obj
c:\users\cex\desktop\graphics_inm376_stuartmathewspg\inm376_stuartmathewspg\source\cgtlib\x64\debug\openassetimportmesh.obj
c:\users\cex\desktop\graphics_inm376_stuartmathewspg\inm376_stuartmathewspg\source\cgtlib\x64\debug\texture.obj
c:\users\cex\desktop\graphics_inm376_stuartmathewspg\inm376_stuartmathewspg\source\cgtlib\x64\debug\shaders.obj
c:\users\cex\desktop\graphics_inm376_stuartmathewspg\inm376_stuartmathewspg\source\cgtlib\x64\debug\highresolutiontimer.obj
c:\users\cex\desktop\graphics_inm376_stuartmathewspg\inm376_stuartmathewspg\source\cgtlib\x64\debug\vertexbufferobject.obj
c:\users\cex\desktop\graphics_inm376_stuartmathewspg\inm376_stuartmathewspg\source\cgtlib\x64\debug\plane.obj
c:\users\cex\desktop\graphics_inm376_stuartmathewspg\inm376_stuartmathewspg\source\cgtlib\x64\debug\catmullrom.obj
c:\users\cex\desktop\graphics_inm376_stuartmathewspg\inm376_stuartmathewspg\source\cgtlib\x64\debug\vertexbufferobjectindexed.obj
c:\users\cex\desktop\graphics_inm376_stuartmathewspg\inm376_stuartmathewspg\source\cgtlib\x64\debug\sphere.obj
c:\users\cex\desktop\graphics_inm376_stuartmathewspg\inm376_stuartmathewspg\source\cgtlib\x64\debug\skybox.obj
c:\users\cex\desktop\graphics_inm376_stuartmathewspg\inm376_stuartmathewspg\source\cgtlib\x64\debug\audio.obj
c:\users\cex\desktop\graphics_inm376_stuartmathewspg\inm376_stuartmathewspg\source\cgtlib\x64\debug\cgtlib.pch
c:\users\cex\desktop\graphics_inm376_stuartmathewspg\inm376_stuartmathewspg\source\cgtlib\x64\debug\pch.obj
c:\users\cex\desktop\graphics_inm376_stuartmathewspg\inm376_stuartmathewspg\source\cgtlib\x64\debug\matrixstack.obj
c:\users\cex\desktop\graphics_inm376_stuartmathewspg\inm376_stuartmathewspg\source\cgtlib\x64\debug\freetypefont.obj
c:\users\cex\desktop\graphics_inm376_stuartmathewspg\inm376_stuartmathewspg\source\cgtlib\x64\debug\cubemap.obj
c:\users\cex\desktop\graphics_inm376_stuartmathewspg\inm376_stuartmathewspg\source\cgtlib\x64\debug\cgtlib.lib
c:\users\cex\desktop\graphics_inm376_stuartmathewspg\inm376_stuartmathewspg\source\cgtlib\x64\debug\cgtlib.tlog\cl.command.1.tlog
c:\users\cex\desktop\graphics_inm376_stuartmathewspg\inm376_stuartmathewspg\source\cgtlib\x64\debug\cgtlib.tlog\cl.read.1.tlog
c:\users\cex\desktop\graphics_inm376_stuartmathewspg\inm376_stuartmathewspg\source\cgtlib\x64\debug\cgtlib.tlog\cl.write.1.tlog
c:\users\cex\desktop\graphics_inm376_stuartmathewspg\inm376_stuartmathewspg\source\cgtlib\x64\debug\cgtlib.tlog\lib-link.read.1.tlog
c:\users\cex\desktop\graphics_inm376_stuartmathewspg\inm376_stuartmathewspg\source\cgtlib\x64\debug\cgtlib.tlog\lib-link.write.1.tlog
c:\users\cex\desktop\graphics_inm376_stuartmathewspg\inm376_stuartmathewspg\source\cgtlib\x64\debug\cgtlib.tlog\lib.command.1.tlog
